<?xml version="1.0" encoding="UTF-8"?>
<!-- Generated by org.testng.reporters.JUnitReportReporter -->
<testsuite skipped="0" hostname="AANURADS-IN" name="com.flightbooking.testcases.TC_WelcomeTest_001" tests="1" failures="0" timestamp="13 Sep 2020 07:06:31 GMT" time="4.376" errors="0">
  <testcase name="fingFlight" time="4.376" classname="com.flightbooking.testcases.TC_WelcomeTest_001"/>
</testsuite> <!-- com.flightbooking.testcases.TC_WelcomeTest_001 -->
