<?xml version="1.0" encoding="UTF-8"?>
<!-- Generated by org.testng.reporters.JUnitReportReporter -->
<testsuite skipped="0" hostname="AANURADS-IN" name="com.flightbooking.testcases.TC_SelectFlight_002" tests="1" failures="0" timestamp="13 Sep 2020 08:11:18 GMT" time="12.928" errors="0">
  <testcase name="selectFlight" time="12.928" classname="com.flightbooking.testcases.TC_SelectFlight_002"/>
</testsuite> <!-- com.flightbooking.testcases.TC_SelectFlight_002 -->
