<?xml version="1.0" encoding="UTF-8"?>
<!-- Generated by org.testng.reporters.JUnitReportReporter -->
<testsuite skipped="0" hostname="AANURADS-IN" name="com.flightbooking.testcases.TC_BookFlight_001" tests="1" failures="0" timestamp="13 Sep 2020 11:19:20 GMT" time="4.334" errors="0">
  <testcase name="bookFlight" time="4.334" classname="com.flightbooking.testcases.TC_BookFlight_001"/>
</testsuite> <!-- com.flightbooking.testcases.TC_BookFlight_001 -->
